C:\Users\lsaud\Downloads\amigo-racing\server\context.ts : import type { CreateExpressContextOptions } from "@trpc/server/adapters/express";
C:\Users\lsaud\Downloads\amigo-racing\server\context.ts : import type { User } from "../../drizzle/schema";
C:\Users\lsaud\Downloads\amigo-racing\server\context.ts : import { sdk } from "./sdk.ts";
C:\Users\lsaud\Downloads\amigo-racing\server\context.ts : import * as db from "../db.ts";
C:\Users\lsaud\Downloads\amigo-racing\server\cookies.ts : import type { CookieOptions, Request } from "express";
C:\Users\lsaud\Downloads\amigo-racing\server\db.ts : import { eq, and, gte, lte, desc, sql } from "drizzle-orm";
C:\Users\lsaud\Downloads\amigo-racing\server\db.ts : import { drizzle } from "drizzle-orm/mysql2";
C:\Users\lsaud\Downloads\amigo-racing\server\db.ts : import {
C:\Users\lsaud\Downloads\amigo-racing\server\db.ts : import { ENV } from './env.ts';
C:\Users\lsaud\Downloads\amigo-racing\server\imageProxy.ts : import { Request, Response } from 'express';
C:\Users\lsaud\Downloads\amigo-racing\server\imageProxy.ts : import { ENV } from '.ts';
C:\Users\lsaud\Downloads\amigo-racing\server\index.ts : import "dotenv/config";
C:\Users\lsaud\Downloads\amigo-racing\server\index.ts : import express from "express";
C:\Users\lsaud\Downloads\amigo-racing\server\index.ts : import { createServer } from "http";
C:\Users\lsaud\Downloads\amigo-racing\server\index.ts : import net from "net";
C:\Users\lsaud\Downloads\amigo-racing\server\index.ts : import { createExpressMiddleware } from "@trpc/server/adapters/express";
C:\Users\lsaud\Downloads\amigo-racing\server\index.ts : import { registerOAuthRoutes } from "./oauth.ts";
C:\Users\lsaud\Downloads\amigo-racing\server\index.ts : import { appRouter } from "./routers.ts";
C:\Users\lsaud\Downloads\amigo-racing\server\index.ts : import { createContext } from "./context.ts";
C:\Users\lsaud\Downloads\amigo-racing\server\index.ts : import { serveStatic, setupVite } from "./vite.ts";
C:\Users\lsaud\Downloads\amigo-racing\server\oauth.ts : import type { Express } from "express";
C:\Users\lsaud\Downloads\amigo-racing\server\oauth.ts : import { sdk } from "./sdk.ts";
C:\Users\lsaud\Downloads\amigo-racing\server\oauth.ts : import { COOKIE_NAME, ONE_YEAR_MS } from "./const.ts";
C:\Users\lsaud\Downloads\amigo-racing\server\oauth.ts : import { getSessionCookieOptions } from "./cookies.ts";
C:\Users\lsaud\Downloads\amigo-racing\server\oauth.ts : import { ENV } from "./env.ts";
C:\Users\lsaud\Downloads\amigo-racing\server\pagarme.ts : import { Router } from 'express';
C:\Users\lsaud\Downloads\amigo-racing\server\pagarme.ts : import * as db from '.ts';
C:\Users\lsaud\Downloads\amigo-racing\server\pagarme.ts : import { ENV } from '.ts';
C:\Users\lsaud\Downloads\amigo-racing\server\pagarme.ts : import { TRPCError } from '@trpc/server';
C:\Users\lsaud\Downloads\amigo-racing\server\qrCodeProxy.ts : import { Request, Response } from 'express';
C:\Users\lsaud\Downloads\amigo-racing\server\routers.ts : import { COOKIE_NAME } from "./const.ts";
C:\Users\lsaud\Downloads\amigo-racing\server\routers.ts : import { getSessionCookieOptions } from "./cookies.ts";
C:\Users\lsaud\Downloads\amigo-racing\server\routers.ts : import { systemRouter } from "./_core/systemRouter.ts";
C:\Users\lsaud\Downloads\amigo-racing\server\routers.ts : import { publicProcedure, protectedProcedure, router } from "./_core/trpc.ts";
C:\Users\lsaud\Downloads\amigo-racing\server\routers.ts : import { TRPCError } from '@trpc/server';
C:\Users\lsaud\Downloads\amigo-racing\server\routers.ts : import * as fs from 'fs';
C:\Users\lsaud\Downloads\amigo-racing\server\routers.ts : import { z } from "zod";
C:\Users\lsaud\Downloads\amigo-racing\server\routers.ts : import * as db from "./db.ts";
C:\Users\lsaud\Downloads\amigo-racing\server\routers.ts : import { notifyOwner } from "./_core/notification.ts";
C:\Users\lsaud\Downloads\amigo-racing\server\routers.ts : import { getDb } from "./db.ts";
C:\Users\lsaud\Downloads\amigo-racing\server\routers.ts : import { events } from "./drizzle/schema.ts";
C:\Users\lsaud\Downloads\amigo-racing\server\routers.ts : import { eq } from "drizzle-orm";
C:\Users\lsaud\Downloads\amigo-racing\server\routers.ts : import { sendEmailNotification } from "./email-service.ts";
C:\Users\lsaud\Downloads\amigo-racing\server\routers.ts : import { newRegistrationTemplate } from "./email-templates.ts";
C:\Users\lsaud\Downloads\amigo-racing\server\routers.ts : import { ENV } from "./env.ts";
C:\Users\lsaud\Downloads\amigo-racing\server\routers.ts : import { createOrder, createRecipient, createOrGetRecipient, getRecipientByDocument, checkRecipientStatus } from './pagarme.ts';
C:\Users\lsaud\Downloads\amigo-racing\server\routers.ts : import { validateBankData } from './bank-validation.ts';
C:\Users\lsaud\Downloads\amigo-racing\server\sdk.ts : import { AXIOS_TIMEOUT_MS, COOKIE_NAME, ONE_YEAR_MS } from "./const.ts";
C:\Users\lsaud\Downloads\amigo-racing\server\sdk.ts : import { ForbiddenError } from "./_core/errors.ts";
C:\Users\lsaud\Downloads\amigo-racing\server\sdk.ts : import axios, { type AxiosInstance } from "axios";
C:\Users\lsaud\Downloads\amigo-racing\server\sdk.ts : import { parse as parseCookieHeader } from "cookie";
C:\Users\lsaud\Downloads\amigo-racing\server\sdk.ts : import type { Request } from "express";
C:\Users\lsaud\Downloads\amigo-racing\server\sdk.ts : import { SignJWT, jwtVerify } from "jose";
C:\Users\lsaud\Downloads\amigo-racing\server\sdk.ts : import type { User } from "./drizzle/schema.ts";
C:\Users\lsaud\Downloads\amigo-racing\server\sdk.ts : import * as db from "./db.ts";
C:\Users\lsaud\Downloads\amigo-racing\server\sdk.ts : import { ENV } from "./env.ts";
C:\Users\lsaud\Downloads\amigo-racing\server\sdk.ts : import type {
C:\Users\lsaud\Downloads\amigo-racing\server\sitemapRoute.ts : import { Express } from "express";
C:\Users\lsaud\Downloads\amigo-racing\server\sitemapRoute.ts : import { generateSitemap } from "../sitemap.ts";
C:\Users\lsaud\Downloads\amigo-racing\server\storage.ts : import { ENV } from '.ts';
C:\Users\lsaud\Downloads\amigo-racing\server\vite.ts : import express, { Express } from "express";
C:\Users\lsaud\Downloads\amigo-racing\server\vite.ts : import fs from "fs";
C:\Users\lsaud\Downloads\amigo-racing\server\vite.ts : import path, { dirname } from "path";
C:\Users\lsaud\Downloads\amigo-racing\server\vite.ts : import { fileURLToPath } from "url";
C:\Users\lsaud\Downloads\amigo-racing\server\vite.ts : import { createServer as createViteServer } from "vite";
C:\Users\lsaud\Downloads\amigo-racing\server\vite.ts : import { type Server } from "http";
C:\Users\lsaud\Downloads\amigo-racing\server\drizzle\schema.ts : import { int, mysqlEnum, mysqlTable, text, timestamp, varchar, float, boolean, json } from "drizzle-orm/mysql-core";
C:\Users\lsaud\Downloads\amigo-racing\server\_core\cookies.ts : import type { CookieOptions, Request } from "express";
C:\Users\lsaud\Downloads\amigo-racing\server\_core\notification.ts : import { TRPCError } from "@trpc/server";
C:\Users\lsaud\Downloads\amigo-racing\server\_core\notification.ts : import { ENV } from "./env.ts";
C:\Users\lsaud\Downloads\amigo-racing\server\_core\systemRouter.ts : import { router, publicProcedure } from "./trpc.ts";
C:\Users\lsaud\Downloads\amigo-racing\server\_core\systemRouter.ts : import { z } from "zod";
C:\Users\lsaud\Downloads\amigo-racing\server\_core\trpc.ts : import { NOT_ADMIN_ERR_MSG, UNAUTHED_ERR_MSG } from '../const.ts';
C:\Users\lsaud\Downloads\amigo-racing\server\_core\trpc.ts : import { initTRPC, TRPCError } from "@trpc/server";
C:\Users\lsaud\Downloads\amigo-racing\server\_core\trpc.ts : import superjson from "superjson";
C:\Users\lsaud\Downloads\amigo-racing\server\_core\trpc.ts : import type { TrpcContext } from "../context.ts";
C:\Users\lsaud\Downloads\amigo-racing\server\_core\hooks\useAuth.ts : import { getLoginUrl } from "@/const";
C:\Users\lsaud\Downloads\amigo-racing\server\_core\hooks\useAuth.ts : import { trpc } from "@/lib/trpc";
C:\Users\lsaud\Downloads\amigo-racing\server\_core\hooks\useAuth.ts : import { TRPCClientError } from "@trpc/client";
C:\Users\lsaud\Downloads\amigo-racing\server\_core\hooks\useAuth.ts : import { useCallback, useEffect, useMemo, useRef } from "react";
