
node:internal/modules/run_main:107
    triggerUncaughtException(
    ^
Error [TransformError]: Transform failed with 1 error:
C:\Users\lsaud\Downloads\amigo-racing\server\db.ts:1162:117: ERROR: Unterminated string literal
    at failureErrorWithLog (C:\Users\lsaud\Downloads\amigo-racing\node_modules\esbuild\lib\main.js:1467:15)
    at C:\Users\lsaud\Downloads\amigo-racing\node_modules\esbuild\lib\main.js:736:50
    at responseCallbacks.<computed> (C:\Users\lsaud\Downloads\amigo-racing\node_modules\esbuild\lib\main.js:603:9)
    at handleIncomingPacket (C:\Users\lsaud\Downloads\amigo-racing\node_modules\esbuild\lib\main.js:658:12)
    at Socket.readFromStdout (C:\Users\lsaud\Downloads\amigo-racing\node_modules\esbuild\lib\main.js:581:7)
    at Socket.emit (node:events:508:28)
    at addChunk (node:internal/streams/readable:559:12)
    at readableAddChunkPushByteMode (node:internal/streams/readable:510:3)
    at Readable.push (node:internal/streams/readable:390:5)
    at Pipe.onStreamRead (node:internal/stream_base_commons:189:23)

Node.js v24.13.0

node:internal/modules/run_main:107
    triggerUncaughtException(
    ^
Error [TransformError]: Transform failed with 1 error:
C:\Users\lsaud\Downloads\amigo-racing\server\db.ts:1172:0: ERROR: Unexpected "}"
    at failureErrorWithLog (C:\Users\lsaud\Downloads\amigo-racing\node_modules\esbuild\lib\main.js:1467:15)
    at C:\Users\lsaud\Downloads\amigo-racing\node_modules\esbuild\lib\main.js:736:50
    at responseCallbacks.<computed> (C:\Users\lsaud\Downloads\amigo-racing\node_modules\esbuild\lib\main.js:603:9)
    at handleIncomingPacket (C:\Users\lsaud\Downloads\amigo-racing\node_modules\esbuild\lib\main.js:658:12)
    at Socket.readFromStdout (C:\Users\lsaud\Downloads\amigo-racing\node_modules\esbuild\lib\main.js:581:7)
    at Socket.emit (node:events:508:28)
    at addChunk (node:internal/streams/readable:559:12)
    at readableAddChunkPushByteMode (node:internal/streams/readable:510:3)
    at Readable.push (node:internal/streams/readable:390:5)
    at Pipe.onStreamRead (node:internal/stream_base_commons:189:23)

Node.js v24.13.0

node:internal/modules/run_main:107
    triggerUncaughtException(
    ^
Error [TransformError]: Transform failed with 1 error:
C:\Users\lsaud\Downloads\amigo-racing\server\db.ts:1172:0: ERROR: Unexpected "}"
    at failureErrorWithLog (C:\Users\lsaud\Downloads\amigo-racing\node_modules\esbuild\lib\main.js:1467:15)
    at C:\Users\lsaud\Downloads\amigo-racing\node_modules\esbuild\lib\main.js:736:50
    at responseCallbacks.<computed> (C:\Users\lsaud\Downloads\amigo-racing\node_modules\esbuild\lib\main.js:603:9)
    at handleIncomingPacket (C:\Users\lsaud\Downloads\amigo-racing\node_modules\esbuild\lib\main.js:658:12)
    at Socket.readFromStdout (C:\Users\lsaud\Downloads\amigo-racing\node_modules\esbuild\lib\main.js:581:7)
    at Socket.emit (node:events:508:28)
    at addChunk (node:internal/streams/readable:559:12)
    at readableAddChunkPushByteMode (node:internal/streams/readable:510:3)
    at Readable.push (node:internal/streams/readable:390:5)
    at Pipe.onStreamRead (node:internal/stream_base_commons:189:23)

Node.js v24.13.0
^C