[2026-02-26T10:47:04.518Z] MIDDLEWARE INICIADO
[2026-02-26T10:47:04.526Z] User ID: 303, Role: organizer, RecipientId: null
[2026-02-26T10:47:04.529Z] PERMITIDO! Role valida
[2026-02-26T10:47:04.535Z] ========== SETUPRECIPIENT MUTATION INICIADA ==========
[2026-02-26T10:47:04.537Z] INPUT RECEBIDO: {"document":"82751056849","pixKey":"17996192552","phone":"17996192552","bankAccount":{"bank_code":"237","agencia":"2740","agencia_dv":"","conta":"21603","conta_dv":"8","type":"conta_corrente","legal_name":"Wéliton Luiz de Oliveira","document_number":"82751056849"}}
[2026-02-26T10:47:04.537Z] CTX USER: {"id":303,"role":"organizer","email":"projeto@lstecnologias.com.br"}
[2026-02-26T10:47:04.657Z] DADOS ANTES DA VALIDAÃ‡ÃƒO: {"document":"82751056849","bankCode":"237","branchNumber":"2740","branchCheckDigit":"","accountNumber":"21603","accountCheckDigit":"8","holderName":"Wéliton Luiz de Oliveira","holderDocument":"82751056849","phone":"17996192552"}
[2026-02-26T10:47:40.956Z] MIDDLEWARE INICIADO
[2026-02-26T10:47:40.963Z] User ID: 303, Role: organizer, RecipientId: re_cmm2ge90q063g0l9twwhkoe3c
[2026-02-26T10:47:40.968Z] PERMITIDO! Role valida
[2026-02-26T10:47:40.970Z] ========== SETUPRECIPIENT MUTATION INICIADA ==========
[2026-02-26T10:47:40.971Z] INPUT RECEBIDO: {"document":"82751056849","pixKey":"17996192552","phone":"17996192552","bankAccount":{"bank_code":"237","agencia":"2740","agencia_dv":"","conta":"21603","conta_dv":"8","type":"conta_corrente","legal_name":"Wéliton Luiz de Oliveira","document_number":"82751056849"}}
[2026-02-26T10:47:40.972Z] CTX USER: {"id":303,"role":"organizer","email":"projeto@lstecnologias.com.br"}
[2026-02-26T10:47:41.076Z] DADOS ANTES DA VALIDAÃ‡ÃƒO: {"document":"82751056849","bankCode":"237","branchNumber":"2740","branchCheckDigit":"","accountNumber":"21603","accountCheckDigit":"8","holderName":"Wéliton Luiz de Oliveira","holderDocument":"82751056849","phone":"17996192552"}
[2026-02-26T10:48:48.843Z] MIDDLEWARE INICIADO
[2026-02-26T10:48:48.847Z] User ID: 303, Role: organizer, RecipientId: re_cmm2ge90q063g0l9twwhkoe3c
[2026-02-26T10:48:48.853Z] PERMITIDO! Role valida
[2026-02-26T10:48:48.856Z] ========== SETUPRECIPIENT MUTATION INICIADA ==========
[2026-02-26T10:48:48.857Z] INPUT RECEBIDO: {"document":"82751056849","pixKey":"17996192552","phone":"17996192552","bankAccount":{"bank_code":"237","agencia":"2740","agencia_dv":"","conta":"21603","conta_dv":"8","type":"conta_corrente","legal_name":"Wéliton Luiz de Oliveira","document_number":"82751056849"}}
[2026-02-26T10:48:48.859Z] CTX USER: {"id":303,"role":"organizer","email":"projeto@lstecnologias.com.br"}
[2026-02-26T10:48:48.957Z] DADOS ANTES DA VALIDAÃ‡ÃƒO: {"document":"82751056849","bankCode":"237","branchNumber":"2740","branchCheckDigit":"","accountNumber":"21603","accountCheckDigit":"8","holderName":"Wéliton Luiz de Oliveira","holderDocument":"82751056849","phone":"17996192552"}
[2026-02-26T11:00:13.148Z] MIDDLEWARE INICIADO
[2026-02-26T11:00:13.158Z] User ID: 303, Role: organizer, RecipientId: re_cmm2ge90q063g0l9twwhkoe3c
[2026-02-26T11:00:13.163Z] PERMITIDO! Role valida
[2026-02-26T11:00:13.175Z] ========== SETUPRECIPIENT MUTATION INICIADA ==========
[2026-02-26T11:00:13.176Z] INPUT RECEBIDO: {"document":"82751056849","pixKey":"17996192552","phone":"17996192552","bankAccount":{"bank_code":"237","agencia":"2740","agencia_dv":"","conta":"21603","conta_dv":"8","type":"conta_corrente","legal_name":"Wéliton Luiz de Oliveira","document_number":"82751056849"}}
[2026-02-26T11:00:13.177Z] CTX USER: {"id":303,"role":"organizer","email":"projeto@lstecnologias.com.br"}
[2026-02-26T11:00:13.317Z] DADOS ANTES DA VALIDAÃ‡ÃƒO: {"document":"82751056849","bankCode":"237","branchNumber":"2740","branchCheckDigit":"","accountNumber":"21603","accountCheckDigit":"8","holderName":"Wéliton Luiz de Oliveira","holderDocument":"82751056849","phone":"17996192552"}
[2026-02-26T11:36:26.054Z] MIDDLEWARE INICIADO
[2026-02-26T11:36:26.064Z] User ID: 303, Role: organizer, RecipientId: re_cmm2ge90q063g0l9twwhkoe3c
[2026-02-26T11:36:26.071Z] PERMITIDO! Role valida
[2026-02-26T11:36:26.078Z] ========== SETUPRECIPIENT MUTATION INICIADA ==========
[2026-02-26T11:36:26.080Z] INPUT RECEBIDO: {"document":"82751056849","pixKey":"17996192552","phone":"17996192552","bankAccount":{"bank_code":"237","agencia":"2740","agencia_dv":"","conta":"21603","conta_dv":"8","type":"conta_corrente","legal_name":"Wéliton Luiz de Oliveira","document_number":"82751056849"}}
[2026-02-26T11:36:26.082Z] CTX USER: {"id":303,"role":"organizer","email":"projeto@lstecnologias.com.br"}
[2026-02-26T11:36:26.256Z] DADOS ANTES DA VALIDAÃ‡ÃƒO: {"document":"82751056849","bankCode":"237","branchNumber":"2740","branchCheckDigit":"","accountNumber":"21603","accountCheckDigit":"8","holderName":"Wéliton Luiz de Oliveira","holderDocument":"82751056849","phone":"17996192552"}
[2026-02-26T11:58:44.985Z] MIDDLEWARE INICIADO
[2026-02-26T11:58:45.005Z] User ID: 303, Role: organizer, RecipientId: re_cmm2ge90q063g0l9twwhkoe3c
[2026-02-26T11:58:45.016Z] PERMITIDO! Role valida
[2026-02-26T11:58:45.030Z] ========== SETUPRECIPIENT MUTATION INICIADA ==========
[2026-02-26T11:58:45.033Z] INPUT RECEBIDO: {"document":"82751056849","pixKey":"17996192552","phone":"17996192552","bankAccount":{"bank_code":"237","agencia":"2740","agencia_dv":"","conta":"21603","conta_dv":"8","type":"conta_corrente","legal_name":"Wéliton Luiz de Oliveira","document_number":"82751056849"}}
[2026-02-26T11:58:45.034Z] CTX USER: {"id":303,"role":"organizer","email":"projeto@lstecnologias.com.br"}
[2026-02-26T11:58:45.316Z] DADOS ANTES DA VALIDAÃ‡ÃƒO: {"document":"82751056849","bankCode":"237","branchNumber":"2740","branchCheckDigit":"","accountNumber":"21603","accountCheckDigit":"8","holderName":"Wéliton Luiz de Oliveira","holderDocument":"82751056849","phone":"17996192552"}
